<?xml version="1.0" encoding="UTF-8"?>
<!-- Generated by org.testng.reporters.JUnitXMLReporter -->
<testsuite ignored="16" hostname="LAPTOP-VKN4EQLF" failures="1" tests="18" name="Test" time="79.733" errors="0" timestamp="2022-01-31T21:15:53 SAST">
  <testcase classname="com.selenium_assessment.OpenApplication" name="openUrl" time="6.611"/>
  <testcase classname="com.selenium_assessment.LoginTest" name="login" time="9.734"/>
  <testcase classname="com.selenium_assessment.LoginTest" name="validateUrl" time="0.004"/>
  <testcase classname="com.selenium_assessment.LoginTest" name="checkDisplay" time="0.028"/>
  <testcase classname="com.selenium_assessment.LoginTest" name="validateWelcomeAdmin" time="0.02"/>
  <testcase classname="com.selenium_assessment.ClickAdminTab" name="validateUrl" time="0.005"/>
  <testcase classname="com.selenium_assessment.ClickAdminTab" name="checkDisplay" time="0.067"/>
  <testcase classname="com.selenium_assessment.ClickOnAdd" name="validateUrlPath" time="0.004"/>
  <testcase classname="com.selenium_assessment.ClickOnAdd" name="checkDisplay" time="0.015"/>
  <testcase classname="com.selenium_assessment.CreateUser" name="createUser" time="3.328"/>
  <testcase classname="com.selenium_assessment.CreateUser" name="validateStatusDropDown" time="0.029"/>
  <testcase classname="com.selenium_assessment.CreateUser" name="validateUserCreated" time="9.138"/>
  <testcase classname="com.selenium_assessment.Search" name="validateUsername" time="0.018"/>
  <testcase classname="com.selenium_assessment.Search" name="employeeName" time="0.015">
    <failure type="java.lang.AssertionError" message="did not expect to find [true] but found [false]">
      <![CDATA[java.lang.AssertionError: did not expect to find [true] but found [false]
at com.selenium_assessment.Search.employeeName(Search.java:78)
at java.base/java.util.ArrayList.forEach(ArrayList.java:1511)
... Removed 31 stack frames]]>
    </failure>
  </testcase> <!-- employeeName -->
  <testcase classname="com.selenium_assessment.Search" name="validateStatus" time="0.016"/>
  <testcase classname="com.selenium_assessment.Delete" name="validateNoRecords" time="7.911"/>
  <testcase classname="com.selenium_assessment.Logout" name="validateUrl" time="0.004"/>
  <testcase classname="com.selenium_assessment.Logout" name="validateTitle" time="0.005"/>
  <testcase classname="com.selenium_assessment.ConfigClass" name="@BeforeSuite setUp" time="0.0">
    <ignored/>
  </testcase> <!-- @BeforeSuite setUp -->
  <testcase classname="com.selenium_assessment.ConfigClass" name="@BeforeSuite setUp" time="0.0">
    <ignored/>
  </testcase> <!-- @BeforeSuite setUp -->
  <testcase classname="com.selenium_assessment.ConfigClass" name="@BeforeSuite setUp" time="0.0">
    <ignored/>
  </testcase> <!-- @BeforeSuite setUp -->
  <testcase classname="com.selenium_assessment.ConfigClass" name="@BeforeSuite setUp" time="0.0">
    <ignored/>
  </testcase> <!-- @BeforeSuite setUp -->
  <testcase classname="com.selenium_assessment.ConfigClass" name="@BeforeSuite setUp" time="0.0">
    <ignored/>
  </testcase> <!-- @BeforeSuite setUp -->
  <testcase classname="com.selenium_assessment.ConfigClass" name="@BeforeSuite setUp" time="0.0">
    <ignored/>
  </testcase> <!-- @BeforeSuite setUp -->
  <testcase classname="com.selenium_assessment.ConfigClass" name="@BeforeSuite setUp" time="0.0">
    <ignored/>
  </testcase> <!-- @BeforeSuite setUp -->
  <testcase classname="com.selenium_assessment.ConfigClass" name="@BeforeSuite setUp" time="0.0">
    <ignored/>
  </testcase> <!-- @BeforeSuite setUp -->
  <testcase classname="com.selenium_assessment.ConfigClass" name="@AfterSuite wrapUp" time="0.0">
    <ignored/>
  </testcase> <!-- @AfterSuite wrapUp -->
  <testcase classname="com.selenium_assessment.ConfigClass" name="@AfterSuite wrapUp" time="0.0">
    <ignored/>
  </testcase> <!-- @AfterSuite wrapUp -->
  <testcase classname="com.selenium_assessment.ConfigClass" name="@AfterSuite wrapUp" time="0.0">
    <ignored/>
  </testcase> <!-- @AfterSuite wrapUp -->
  <testcase classname="com.selenium_assessment.ConfigClass" name="@AfterSuite wrapUp" time="0.0">
    <ignored/>
  </testcase> <!-- @AfterSuite wrapUp -->
  <testcase classname="com.selenium_assessment.ConfigClass" name="@AfterSuite wrapUp" time="0.0">
    <ignored/>
  </testcase> <!-- @AfterSuite wrapUp -->
  <testcase classname="com.selenium_assessment.ConfigClass" name="@AfterSuite wrapUp" time="0.0">
    <ignored/>
  </testcase> <!-- @AfterSuite wrapUp -->
  <testcase classname="com.selenium_assessment.ConfigClass" name="@AfterSuite wrapUp" time="0.0">
    <ignored/>
  </testcase> <!-- @AfterSuite wrapUp -->
  <testcase classname="com.selenium_assessment.ConfigClass" name="@AfterSuite wrapUp" time="0.0">
    <ignored/>
  </testcase> <!-- @AfterSuite wrapUp -->
</testsuite> <!-- Test -->
