<?xml version="1.0" encoding="UTF-8"?>
<testng-results ignored="16" total="34" passed="17" failed="1" skipped="0">
  <reporter-output>
  </reporter-output>
  <suite started-at="2022-01-31T21:14:33 SAST" name="Suite" finished-at="2022-01-31T21:15:53 SAST" duration-ms="79733">
    <groups>
    </groups>
    <test started-at="2022-01-31T21:14:33 SAST" name="Test" finished-at="2022-01-31T21:15:53 SAST" duration-ms="79733">
      <class name="com.selenium_assessment.ClickAdminTab">
        <test-method is-config="true" signature="clickAdminTab()[pri:0, instance:com.selenium_assessment.ClickAdminTab@32b260fa]" started-at="2022-01-31T21:14:50 SAST" name="clickAdminTab" finished-at="2022-01-31T21:14:59 SAST" duration-ms="9022" status="PASS">
          <reporter-output>
          </reporter-output>
        </test-method> <!-- clickAdminTab -->
        <test-method signature="validateUrl()[pri:1, instance:com.selenium_assessment.ClickAdminTab@32b260fa]" started-at="2022-01-31T21:14:59 SAST" name="validateUrl" finished-at="2022-01-31T21:14:59 SAST" duration-ms="5" status="PASS">
          <reporter-output>
          </reporter-output>
        </test-method> <!-- validateUrl -->
        <test-method is-config="true" signature="evaluateStatus(org.testng.ITestResult)[pri:0, instance:com.selenium_assessment.ClickAdminTab@32b260fa]" started-at="2022-01-31T21:14:59 SAST" name="evaluateStatus" finished-at="2022-01-31T21:14:59 SAST" duration-ms="0" status="PASS">
          <params>
            <param index="0">
              <value>
                <![CDATA[[TestResult name=validateUrl status=SUCCESS method=ClickAdminTab.validateUrl()[pri:1, instance:com.selenium_assessment.ClickAdminTab@32b260fa] output={null}]]]>
              </value>
            </param>
          </params>
          <reporter-output>
          </reporter-output>
        </test-method> <!-- evaluateStatus -->
        <test-method signature="checkDisplay()[pri:2, instance:com.selenium_assessment.ClickAdminTab@32b260fa]" started-at="2022-01-31T21:14:59 SAST" name="checkDisplay" finished-at="2022-01-31T21:14:59 SAST" duration-ms="67" status="PASS">
          <reporter-output>
          </reporter-output>
        </test-method> <!-- checkDisplay -->
        <test-method is-config="true" signature="evaluateStatus(org.testng.ITestResult)[pri:0, instance:com.selenium_assessment.ClickAdminTab@32b260fa]" started-at="2022-01-31T21:14:59 SAST" name="evaluateStatus" finished-at="2022-01-31T21:14:59 SAST" duration-ms="0" status="PASS">
          <params>
            <param index="0">
              <value>
                <![CDATA[[TestResult name=checkDisplay status=SUCCESS method=ClickAdminTab.checkDisplay()[pri:2, instance:com.selenium_assessment.ClickAdminTab@32b260fa] output={null}]]]>
              </value>
            </param>
          </params>
          <reporter-output>
          </reporter-output>
        </test-method> <!-- evaluateStatus -->
      </class> <!-- com.selenium_assessment.ClickAdminTab -->
      <class name="com.selenium_assessment.CreateUser">
        <test-method signature="createUser(java.lang.String, java.lang.String, java.lang.String, java.lang.String)[pri:1, instance:com.selenium_assessment.CreateUser@6d4e5011]" started-at="2022-01-31T21:15:01 SAST" name="createUser" data-provider="create-user" finished-at="2022-01-31T21:15:04 SAST" duration-ms="3328" status="PASS">
          <params>
            <param index="0">
              <value>
                <![CDATA[Jasmine Morgan]]>
              </value>
            </param>
            <param index="1">
              <value>
                <![CDATA[Selenium639]]>
              </value>
            </param>
            <param index="2">
              <value>
                <![CDATA[Selenium500]]>
              </value>
            </param>
            <param index="3">
              <value>
                <![CDATA[Selenium500]]>
              </value>
            </param>
          </params>
          <reporter-output>
          </reporter-output>
        </test-method> <!-- createUser -->
        <test-method is-config="true" signature="evaluateStatus(org.testng.ITestResult)[pri:0, instance:com.selenium_assessment.CreateUser@6d4e5011]" started-at="2022-01-31T21:15:04 SAST" name="evaluateStatus" finished-at="2022-01-31T21:15:04 SAST" duration-ms="1" status="PASS">
          <params>
            <param index="0">
              <value>
                <![CDATA[[TestResult name=createUser status=SUCCESS method=CreateUser.createUser(java.lang.String, java.lang.String, java.lang.String, java.lang.String)[pri:1, instance:com.selenium_assessment.CreateUser@6d4e5011] output={null}]]]>
              </value>
            </param>
          </params>
          <reporter-output>
          </reporter-output>
        </test-method> <!-- evaluateStatus -->
        <test-method signature="validateStatusDropDown()[pri:2, instance:com.selenium_assessment.CreateUser@6d4e5011]" started-at="2022-01-31T21:15:04 SAST" name="validateStatusDropDown" finished-at="2022-01-31T21:15:04 SAST" duration-ms="29" status="PASS">
          <reporter-output>
          </reporter-output>
        </test-method> <!-- validateStatusDropDown -->
        <test-method is-config="true" signature="evaluateStatus(org.testng.ITestResult)[pri:0, instance:com.selenium_assessment.CreateUser@6d4e5011]" started-at="2022-01-31T21:15:04 SAST" name="evaluateStatus" finished-at="2022-01-31T21:15:04 SAST" duration-ms="1" status="PASS">
          <params>
            <param index="0">
              <value>
                <![CDATA[[TestResult name=validateStatusDropDown status=SUCCESS method=CreateUser.validateStatusDropDown()[pri:2, instance:com.selenium_assessment.CreateUser@6d4e5011] output={null}]]]>
              </value>
            </param>
          </params>
          <reporter-output>
          </reporter-output>
        </test-method> <!-- evaluateStatus -->
        <test-method signature="validateUserCreated()[pri:3, instance:com.selenium_assessment.CreateUser@6d4e5011]" started-at="2022-01-31T21:15:04 SAST" name="validateUserCreated" finished-at="2022-01-31T21:15:14 SAST" duration-ms="9138" status="PASS">
          <reporter-output>
          </reporter-output>
        </test-method> <!-- validateUserCreated -->
        <test-method is-config="true" signature="evaluateStatus(org.testng.ITestResult)[pri:0, instance:com.selenium_assessment.CreateUser@6d4e5011]" started-at="2022-01-31T21:15:14 SAST" name="evaluateStatus" finished-at="2022-01-31T21:15:14 SAST" duration-ms="0" status="PASS">
          <params>
            <param index="0">
              <value>
                <![CDATA[[TestResult name=validateUserCreated status=SUCCESS method=CreateUser.validateUserCreated()[pri:3, instance:com.selenium_assessment.CreateUser@6d4e5011] output={null}]]]>
              </value>
            </param>
          </params>
          <reporter-output>
          </reporter-output>
        </test-method> <!-- evaluateStatus -->
      </class> <!-- com.selenium_assessment.CreateUser -->
      <class name="com.selenium_assessment.Logout">
        <test-method is-config="true" signature="logout()[pri:0, instance:com.selenium_assessment.Logout@78123e82]" started-at="2022-01-31T21:15:44 SAST" name="logout" finished-at="2022-01-31T21:15:53 SAST" duration-ms="8985" status="PASS">
          <reporter-output>
          </reporter-output>
        </test-method> <!-- logout -->
        <test-method signature="validateUrl()[pri:1, instance:com.selenium_assessment.Logout@78123e82]" started-at="2022-01-31T21:15:53 SAST" name="validateUrl" finished-at="2022-01-31T21:15:53 SAST" duration-ms="4" status="PASS">
          <reporter-output>
          </reporter-output>
        </test-method> <!-- validateUrl -->
        <test-method is-config="true" signature="evaluateStatus(org.testng.ITestResult)[pri:0, instance:com.selenium_assessment.Logout@78123e82]" started-at="2022-01-31T21:15:53 SAST" name="evaluateStatus" finished-at="2022-01-31T21:15:53 SAST" duration-ms="0" status="PASS">
          <params>
            <param index="0">
              <value>
                <![CDATA[[TestResult name=validateUrl status=SUCCESS method=Logout.validateUrl()[pri:1, instance:com.selenium_assessment.Logout@78123e82] output={null}]]]>
              </value>
            </param>
          </params>
          <reporter-output>
          </reporter-output>
        </test-method> <!-- evaluateStatus -->
        <test-method signature="validateTitle()[pri:2, instance:com.selenium_assessment.Logout@78123e82]" started-at="2022-01-31T21:15:53 SAST" name="validateTitle" finished-at="2022-01-31T21:15:53 SAST" duration-ms="5" status="PASS">
          <reporter-output>
          </reporter-output>
        </test-method> <!-- validateTitle -->
        <test-method is-config="true" signature="evaluateStatus(org.testng.ITestResult)[pri:0, instance:com.selenium_assessment.Logout@78123e82]" started-at="2022-01-31T21:15:53 SAST" name="evaluateStatus" finished-at="2022-01-31T21:15:53 SAST" duration-ms="0" status="PASS">
          <params>
            <param index="0">
              <value>
                <![CDATA[[TestResult name=validateTitle status=SUCCESS method=Logout.validateTitle()[pri:2, instance:com.selenium_assessment.Logout@78123e82] output={null}]]]>
              </value>
            </param>
          </params>
          <reporter-output>
          </reporter-output>
        </test-method> <!-- evaluateStatus -->
      </class> <!-- com.selenium_assessment.Logout -->
      <class name="com.selenium_assessment.Search">
        <test-method is-config="true" signature="searchForUser()[pri:0, instance:com.selenium_assessment.Search@57d7f8ca]" started-at="2022-01-31T21:15:14 SAST" name="searchForUser" finished-at="2022-01-31T21:15:24 SAST" duration-ms="10570" status="PASS">
          <reporter-output>
          </reporter-output>
        </test-method> <!-- searchForUser -->
        <test-method signature="validateUsername()[pri:1, instance:com.selenium_assessment.Search@57d7f8ca]" started-at="2022-01-31T21:15:24 SAST" name="validateUsername" finished-at="2022-01-31T21:15:24 SAST" duration-ms="18" status="PASS">
          <reporter-output>
          </reporter-output>
        </test-method> <!-- validateUsername -->
        <test-method is-config="true" signature="evaluateStatus(org.testng.ITestResult)[pri:0, instance:com.selenium_assessment.Search@57d7f8ca]" started-at="2022-01-31T21:15:24 SAST" name="evaluateStatus" finished-at="2022-01-31T21:15:24 SAST" duration-ms="0" status="PASS">
          <params>
            <param index="0">
              <value>
                <![CDATA[[TestResult name=validateUsername status=SUCCESS method=Search.validateUsername()[pri:1, instance:com.selenium_assessment.Search@57d7f8ca] output={null}]]]>
              </value>
            </param>
          </params>
          <reporter-output>
          </reporter-output>
        </test-method> <!-- evaluateStatus -->
        <test-method signature="employeeName()[pri:2, instance:com.selenium_assessment.Search@57d7f8ca]" started-at="2022-01-31T21:15:24 SAST" name="employeeName" finished-at="2022-01-31T21:15:24 SAST" duration-ms="15" status="FAIL">
          <exception class="java.lang.AssertionError">
            <message>
              <![CDATA[did not expect to find [true] but found [false]]]>
            </message>
            <full-stacktrace>
              <![CDATA[java.lang.AssertionError: did not expect to find [true] but found [false]
at org.testng.Assert.fail(Assert.java:97)
at org.testng.Assert.failNotEquals(Assert.java:969)
at org.testng.Assert.assertTrue(Assert.java:43)
at org.testng.Assert.assertTrue(Assert.java:53)
at com.selenium_assessment.Search.employeeName(Search.java:78)
at java.base/jdk.internal.reflect.NativeMethodAccessorImpl.invoke0(Native Method)
at java.base/jdk.internal.reflect.NativeMethodAccessorImpl.invoke(NativeMethodAccessorImpl.java:78)
at java.base/jdk.internal.reflect.DelegatingMethodAccessorImpl.invoke(DelegatingMethodAccessorImpl.java:43)
at java.base/java.lang.reflect.Method.invoke(Method.java:567)
at org.testng.internal.MethodInvocationHelper.invokeMethod(MethodInvocationHelper.java:133)
at org.testng.internal.TestInvoker.invokeMethod(TestInvoker.java:584)
at org.testng.internal.TestInvoker.invokeTestMethod(TestInvoker.java:172)
at org.testng.internal.MethodRunner.runInSequence(MethodRunner.java:46)
at org.testng.internal.TestInvoker$MethodInvocationAgent.invoke(TestInvoker.java:804)
at org.testng.internal.TestInvoker.invokeTestMethods(TestInvoker.java:145)
at org.testng.internal.TestMethodWorker.invokeTestMethods(TestMethodWorker.java:146)
at org.testng.internal.TestMethodWorker.run(TestMethodWorker.java:128)
at java.base/java.util.ArrayList.forEach(ArrayList.java:1511)
at org.testng.TestRunner.privateRun(TestRunner.java:770)
at org.testng.TestRunner.run(TestRunner.java:591)
at org.testng.SuiteRunner.runTest(SuiteRunner.java:402)
at org.testng.SuiteRunner.runSequentially(SuiteRunner.java:396)
at org.testng.SuiteRunner.privateRun(SuiteRunner.java:355)
at org.testng.SuiteRunner.run(SuiteRunner.java:304)
at org.testng.SuiteRunnerWorker.runSuite(SuiteRunnerWorker.java:53)
at org.testng.SuiteRunnerWorker.run(SuiteRunnerWorker.java:96)
at org.testng.TestNG.runSuitesSequentially(TestNG.java:1180)
at org.testng.TestNG.runSuitesLocally(TestNG.java:1102)
at org.testng.TestNG.runSuites(TestNG.java:1032)
at org.testng.TestNG.run(TestNG.java:1000)
at org.testng.remote.AbstractRemoteTestNG.run(AbstractRemoteTestNG.java:115)
at org.testng.remote.RemoteTestNG.initAndRun(RemoteTestNG.java:251)
at org.testng.remote.RemoteTestNG.main(RemoteTestNG.java:77)
]]>
            </full-stacktrace>
          </exception> <!-- java.lang.AssertionError -->
          <reporter-output>
          </reporter-output>
        </test-method> <!-- employeeName -->
        <test-method is-config="true" signature="evaluateStatus(org.testng.ITestResult)[pri:0, instance:com.selenium_assessment.Search@57d7f8ca]" started-at="2022-01-31T21:15:24 SAST" name="evaluateStatus" finished-at="2022-01-31T21:15:24 SAST" duration-ms="104" status="PASS">
          <params>
            <param index="0">
              <value>
                <![CDATA[[TestResult name=employeeName status=FAILURE method=Search.employeeName()[pri:2, instance:com.selenium_assessment.Search@57d7f8ca] output={null}]]]>
              </value>
            </param>
          </params>
          <reporter-output>
          </reporter-output>
        </test-method> <!-- evaluateStatus -->
        <test-method signature="validateStatus()[pri:3, instance:com.selenium_assessment.Search@57d7f8ca]" started-at="2022-01-31T21:15:24 SAST" name="validateStatus" finished-at="2022-01-31T21:15:24 SAST" duration-ms="16" status="PASS">
          <reporter-output>
          </reporter-output>
        </test-method> <!-- validateStatus -->
        <test-method is-config="true" signature="evaluateStatus(org.testng.ITestResult)[pri:0, instance:com.selenium_assessment.Search@57d7f8ca]" started-at="2022-01-31T21:15:24 SAST" name="evaluateStatus" finished-at="2022-01-31T21:15:24 SAST" duration-ms="0" status="PASS">
          <params>
            <param index="0">
              <value>
                <![CDATA[[TestResult name=validateStatus status=SUCCESS method=Search.validateStatus()[pri:3, instance:com.selenium_assessment.Search@57d7f8ca] output={null}]]]>
              </value>
            </param>
          </params>
          <reporter-output>
          </reporter-output>
        </test-method> <!-- evaluateStatus -->
      </class> <!-- com.selenium_assessment.Search -->
      <class name="com.selenium_assessment.ConfigClass">
        <test-method is-config="true" signature="setUp()[pri:0, instance:com.selenium_assessment.ConfigClass@63a12c68]" started-at="2022-01-31T21:14:31 SAST" name="setUp" finished-at="2022-01-31T21:14:33 SAST" duration-ms="1887" status="PASS">
          <reporter-output>
          </reporter-output>
        </test-method> <!-- setUp -->
        <test-method is-config="true" signature="wrapUp()[pri:0, instance:com.selenium_assessment.ConfigClass@63a12c68]" started-at="2022-01-31T21:15:53 SAST" name="wrapUp" finished-at="2022-01-31T21:15:58 SAST" duration-ms="5225" status="PASS">
          <reporter-output>
          </reporter-output>
        </test-method> <!-- wrapUp -->
      </class> <!-- com.selenium_assessment.ConfigClass -->
      <class name="com.selenium_assessment.ClickOnAdd">
        <test-method is-config="true" signature="clickAddButton()[pri:0, instance:com.selenium_assessment.ClickOnAdd@581ac8a8]" started-at="2022-01-31T21:14:59 SAST" name="clickAddButton" finished-at="2022-01-31T21:15:01 SAST" duration-ms="2455" status="PASS">
          <reporter-output>
          </reporter-output>
        </test-method> <!-- clickAddButton -->
        <test-method signature="validateUrlPath()[pri:1, instance:com.selenium_assessment.ClickOnAdd@581ac8a8]" started-at="2022-01-31T21:15:01 SAST" name="validateUrlPath" finished-at="2022-01-31T21:15:01 SAST" duration-ms="4" status="PASS">
          <reporter-output>
          </reporter-output>
        </test-method> <!-- validateUrlPath -->
        <test-method is-config="true" signature="evaluateStatus(org.testng.ITestResult)[pri:0, instance:com.selenium_assessment.ClickOnAdd@581ac8a8]" started-at="2022-01-31T21:15:01 SAST" name="evaluateStatus" finished-at="2022-01-31T21:15:01 SAST" duration-ms="0" status="PASS">
          <params>
            <param index="0">
              <value>
                <![CDATA[[TestResult name=validateUrlPath status=SUCCESS method=ClickOnAdd.validateUrlPath()[pri:1, instance:com.selenium_assessment.ClickOnAdd@581ac8a8] output={null}]]]>
              </value>
            </param>
          </params>
          <reporter-output>
          </reporter-output>
        </test-method> <!-- evaluateStatus -->
        <test-method signature="checkDisplay()[pri:2, instance:com.selenium_assessment.ClickOnAdd@581ac8a8]" started-at="2022-01-31T21:15:01 SAST" name="checkDisplay" finished-at="2022-01-31T21:15:01 SAST" duration-ms="15" status="PASS">
          <reporter-output>
          </reporter-output>
        </test-method> <!-- checkDisplay -->
        <test-method is-config="true" signature="evaluateStatus(org.testng.ITestResult)[pri:0, instance:com.selenium_assessment.ClickOnAdd@581ac8a8]" started-at="2022-01-31T21:15:01 SAST" name="evaluateStatus" finished-at="2022-01-31T21:15:01 SAST" duration-ms="0" status="PASS">
          <params>
            <param index="0">
              <value>
                <![CDATA[[TestResult name=checkDisplay status=SUCCESS method=ClickOnAdd.checkDisplay()[pri:2, instance:com.selenium_assessment.ClickOnAdd@581ac8a8] output={null}]]]>
              </value>
            </param>
          </params>
          <reporter-output>
          </reporter-output>
        </test-method> <!-- evaluateStatus -->
      </class> <!-- com.selenium_assessment.ClickOnAdd -->
      <class name="com.selenium_assessment.Delete">
        <test-method is-config="true" signature="delete()[pri:0, instance:com.selenium_assessment.Delete@76c3e77a]" started-at="2022-01-31T21:15:24 SAST" name="delete" finished-at="2022-01-31T21:15:36 SAST" duration-ms="11609" status="PASS">
          <reporter-output>
          </reporter-output>
        </test-method> <!-- delete -->
        <test-method signature="validateNoRecords()[pri:0, instance:com.selenium_assessment.Delete@76c3e77a]" started-at="2022-01-31T21:15:36 SAST" name="validateNoRecords" finished-at="2022-01-31T21:15:44 SAST" duration-ms="7911" status="PASS">
          <reporter-output>
          </reporter-output>
        </test-method> <!-- validateNoRecords -->
        <test-method is-config="true" signature="evaluateStatus(org.testng.ITestResult)[pri:0, instance:com.selenium_assessment.Delete@76c3e77a]" started-at="2022-01-31T21:15:44 SAST" name="evaluateStatus" finished-at="2022-01-31T21:15:44 SAST" duration-ms="1" status="PASS">
          <params>
            <param index="0">
              <value>
                <![CDATA[[TestResult name=validateNoRecords status=SUCCESS method=Delete.validateNoRecords()[pri:0, instance:com.selenium_assessment.Delete@76c3e77a] output={null}]]]>
              </value>
            </param>
          </params>
          <reporter-output>
          </reporter-output>
        </test-method> <!-- evaluateStatus -->
      </class> <!-- com.selenium_assessment.Delete -->
      <class name="com.selenium_assessment.LoginTest">
        <test-method signature="login(java.lang.String, java.lang.String)[pri:1, instance:com.selenium_assessment.LoginTest@1b1426f4]" started-at="2022-01-31T21:14:40 SAST" name="login" data-provider="data-provider" finished-at="2022-01-31T21:14:49 SAST" duration-ms="9734" status="PASS">
          <params>
            <param index="0">
              <value>
                <![CDATA[Admin]]>
              </value>
            </param>
            <param index="1">
              <value>
                <![CDATA[admin123]]>
              </value>
            </param>
          </params>
          <reporter-output>
          </reporter-output>
        </test-method> <!-- login -->
        <test-method is-config="true" signature="evaluateStatus(org.testng.ITestResult)[pri:0, instance:com.selenium_assessment.LoginTest@1b1426f4]" started-at="2022-01-31T21:14:49 SAST" name="evaluateStatus" finished-at="2022-01-31T21:14:49 SAST" duration-ms="0" status="PASS">
          <params>
            <param index="0">
              <value>
                <![CDATA[[TestResult name=login status=SUCCESS method=LoginTest.login(java.lang.String, java.lang.String)[pri:1, instance:com.selenium_assessment.LoginTest@1b1426f4] output={null}]]]>
              </value>
            </param>
          </params>
          <reporter-output>
          </reporter-output>
        </test-method> <!-- evaluateStatus -->
        <test-method signature="validateUrl()[pri:2, instance:com.selenium_assessment.LoginTest@1b1426f4]" started-at="2022-01-31T21:14:49 SAST" name="validateUrl" finished-at="2022-01-31T21:14:49 SAST" duration-ms="4" status="PASS">
          <reporter-output>
          </reporter-output>
        </test-method> <!-- validateUrl -->
        <test-method signature="checkDisplay()[pri:3, instance:com.selenium_assessment.LoginTest@1b1426f4]" started-at="2022-01-31T21:14:49 SAST" name="checkDisplay" finished-at="2022-01-31T21:14:50 SAST" duration-ms="28" status="PASS">
          <reporter-output>
          </reporter-output>
        </test-method> <!-- checkDisplay -->
        <test-method is-config="true" signature="evaluateStatus(org.testng.ITestResult)[pri:0, instance:com.selenium_assessment.LoginTest@1b1426f4]" started-at="2022-01-31T21:14:49 SAST" name="evaluateStatus" finished-at="2022-01-31T21:14:49 SAST" duration-ms="0" status="PASS">
          <params>
            <param index="0">
              <value>
                <![CDATA[[TestResult name=validateUrl status=SUCCESS method=LoginTest.validateUrl()[pri:2, instance:com.selenium_assessment.LoginTest@1b1426f4] output={null}]]]>
              </value>
            </param>
          </params>
          <reporter-output>
          </reporter-output>
        </test-method> <!-- evaluateStatus -->
        <test-method signature="validateWelcomeAdmin()[pri:4, instance:com.selenium_assessment.LoginTest@1b1426f4]" started-at="2022-01-31T21:14:50 SAST" name="validateWelcomeAdmin" finished-at="2022-01-31T21:14:50 SAST" duration-ms="20" status="PASS">
          <reporter-output>
          </reporter-output>
        </test-method> <!-- validateWelcomeAdmin -->
        <test-method is-config="true" signature="evaluateStatus(org.testng.ITestResult)[pri:0, instance:com.selenium_assessment.LoginTest@1b1426f4]" started-at="2022-01-31T21:14:50 SAST" name="evaluateStatus" finished-at="2022-01-31T21:14:50 SAST" duration-ms="0" status="PASS">
          <params>
            <param index="0">
              <value>
                <![CDATA[[TestResult name=checkDisplay status=SUCCESS method=LoginTest.checkDisplay()[pri:3, instance:com.selenium_assessment.LoginTest@1b1426f4] output={null}]]]>
              </value>
            </param>
          </params>
          <reporter-output>
          </reporter-output>
        </test-method> <!-- evaluateStatus -->
        <test-method is-config="true" signature="evaluateStatus(org.testng.ITestResult)[pri:0, instance:com.selenium_assessment.LoginTest@1b1426f4]" started-at="2022-01-31T21:14:50 SAST" name="evaluateStatus" finished-at="2022-01-31T21:14:50 SAST" duration-ms="0" status="PASS">
          <params>
            <param index="0">
              <value>
                <![CDATA[[TestResult name=validateWelcomeAdmin status=SUCCESS method=LoginTest.validateWelcomeAdmin()[pri:4, instance:com.selenium_assessment.LoginTest@1b1426f4] output={null}]]]>
              </value>
            </param>
          </params>
          <reporter-output>
          </reporter-output>
        </test-method> <!-- evaluateStatus -->
      </class> <!-- com.selenium_assessment.LoginTest -->
      <class name="com.selenium_assessment.OpenApplication">
        <test-method signature="openUrl()[pri:0, instance:com.selenium_assessment.OpenApplication@28f3b248]" started-at="2022-01-31T21:14:33 SAST" name="openUrl" finished-at="2022-01-31T21:14:40 SAST" duration-ms="6611" status="PASS">
          <reporter-output>
          </reporter-output>
        </test-method> <!-- openUrl -->
        <test-method is-config="true" signature="evaluateStatus(org.testng.ITestResult)[pri:0, instance:com.selenium_assessment.OpenApplication@28f3b248]" started-at="2022-01-31T21:14:40 SAST" name="evaluateStatus" finished-at="2022-01-31T21:14:40 SAST" duration-ms="1" status="PASS">
          <params>
            <param index="0">
              <value>
                <![CDATA[[TestResult name=openUrl status=SUCCESS method=OpenApplication.openUrl()[pri:0, instance:com.selenium_assessment.OpenApplication@28f3b248] output={null}]]]>
              </value>
            </param>
          </params>
          <reporter-output>
          </reporter-output>
        </test-method> <!-- evaluateStatus -->
      </class> <!-- com.selenium_assessment.OpenApplication -->
    </test> <!-- Test -->
  </suite> <!-- Suite -->
</testng-results>
